{
  "RSpec": {
    "coverage": {
      "/Users/jimmyjurado/Turing/1mod/Projects/futbol/lib/stat_tracker.rb": {
        "lines": [
          1,
          1,
          1,
          1,
          null,
          1,
          1,
          1,
          1,
          null,
          1,
          null,
          1,
          6,
          6,
          6,
          null,
          null,
          null,
          1,
          5,
          null,
          null,
          1,
          1,
          7442,
          null,
          1,
          null,
          null,
          1,
          7442,
          7,
          1,
          44652,
          null,
          null,
          null,
          1,
          1,
          7442,
          1,
          null,
          null,
          1,
          7442,
          7,
          1,
          44652,
          7447,
          44652,
          6,
          null,
          null,
          null
        ]
      },
      "/Users/jimmyjurado/Turing/1mod/Projects/futbol/lib/team_factory_module.rb": {
        "lines": [
          1,
          1,
          1,
          6,
          6,
          null,
          192,
          null,
          null,
          null,
          null,
          null,
          null,
          192,
          null,
          null,
          null
        ]
      },
      "/Users/jimmyjurado/Turing/1mod/Projects/futbol/lib/team.rb": {
        "lines": [
          1,
          1,
          1,
          193,
          193,
          193,
          193,
          193,
          193,
          null,
          null
        ]
      },
      "/Users/jimmyjurado/Turing/1mod/Projects/futbol/lib/game_factory_module.rb": {
        "lines": [
          1,
          1,
          1,
          6,
          6,
          null,
          44646,
          null,
          null,
          null,
          null,
          null,
          44646,
          null,
          null,
          null
        ]
      },
      "/Users/jimmyjurado/Turing/1mod/Projects/futbol/lib/game_teams_factory_module.rb": {
        "lines": [
          1,
          1,
          1,
          6,
          6,
          74444,
          null,
          null,
          null,
          null,
          null,
          null,
          null,
          null,
          null,
          null,
          null,
          null,
          null,
          null,
          null
        ]
      },
      "/Users/jimmyjurado/Turing/1mod/Projects/futbol/spec/team_spec.rb": {
        "lines": [
          1,
          1,
          null,
          1,
          1,
          null,
          1,
          null,
          null,
          null,
          null,
          null,
          null,
          null,
          1,
          null,
          1,
          1,
          1,
          1,
          1,
          1,
          1,
          null,
          null
        ]
      }
    },
    "timestamp": 1682097271
  }
}
