{
  "RSpec": {
    "coverage": {
      "/Users/alexkiselich/turing_work/1mod/Projects/group_project/futbol/lib/stat_tracker.rb": {
        "lines": [
          1,
          1,
          1,
          1,
          null,
          1,
          1,
          1,
          1,
          null,
          1,
          null,
          1,
          13,
          13,
          13,
          null,
          null,
          null,
          1,
          12,
          null,
          null,
          1,
          1,
          7441,
          null,
          1,
          null,
          null,
          1,
          1,
          7441,
          null,
          1,
          null,
          null,
          1,
          1,
          7441,
          null,
          1,
          1,
          null,
          null,
          1,
          1,
          7441,
          null,
          1,
          1,
          null,
          null,
          1,
          1,
          7442,
          null,
          1,
          null,
          null,
          1,
          7442,
          7,
          1,
          44652,
          null,
          null,
          null,
          1,
          1,
          7442,
          1,
          null,
          null,
          1,
          7442,
          7,
          1,
          44652,
          7447,
          44652,
          6,
          null,
          null,
          null,
          1,
          1,
          1,
          32,
          238112,
          null,
          32,
          7441,
          7441,
          null,
          null,
          32,
          null,
          1,
          32,
          null,
          null,
          null,
          1,
          1,
          1,
          32,
          238112,
          null,
          32,
          7441,
          7441,
          null,
          null,
          32,
          null,
          1,
          32,
          null,
          null,
          null,
          1,
          1,
          1,
          32,
          238112,
          null,
          32,
          7441,
          7441,
          null,
          null,
          32,
          null,
          1,
          32,
          null,
          null,
          null,
          null,
          null
        ]
      },
      "/Users/alexkiselich/turing_work/1mod/Projects/group_project/futbol/lib/team_factory_module.rb": {
        "lines": [
          1,
          1,
          1,
          13,
          13,
          null,
          416,
          null,
          null,
          null,
          null,
          null,
          null,
          416,
          null,
          null,
          null
        ]
      },
      "/Users/alexkiselich/turing_work/1mod/Projects/group_project/futbol/lib/team.rb": {
        "lines": [
          1,
          1,
          1,
          416,
          416,
          416,
          416,
          416,
          416,
          null,
          null
        ]
      },
      "/Users/alexkiselich/turing_work/1mod/Projects/group_project/futbol/lib/game_factory_module.rb": {
        "lines": [
          1,
          1,
          1,
          13,
          13,
          null,
          96733,
          null,
          null,
          null,
          null,
          null,
          null,
          null,
          96733,
          null,
          null,
          null
        ]
      },
      "/Users/alexkiselich/turing_work/1mod/Projects/group_project/futbol/lib/game.rb": {
        "lines": [
          1,
          1,
          null,
          1,
          96736,
          96736,
          96736,
          96736,
          96736,
          96736,
          96736,
          null,
          null
        ]
      },
      "/Users/alexkiselich/turing_work/1mod/Projects/group_project/futbol/lib/game_teams_factory_module.rb": {
        "lines": [
          1,
          1,
          1,
          13,
          13,
          178618,
          null,
          null,
          null,
          null,
          null,
          null,
          null,
          null,
          null,
          null,
          null,
          null,
          null,
          null,
          null
        ]
      },
      "/Users/alexkiselich/turing_work/1mod/Projects/group_project/futbol/lib/game_teams.rb": {
        "lines": [
          1,
          1,
          1,
          178618,
          178618,
          178618,
          178618,
          178618,
          178618,
          178618,
          178618,
          178618,
          null,
          null
        ]
      }
    },
    "timestamp": 1682125348
  }
}
